<?xml version="1.0" encoding="UTF-8"?>
<testsuite name="StartUpsTest" tests="1" skipped="0" failures="0" errors="0" timestamp="2021-09-29T20:50:39" hostname="ThinkPad-T450" time="0.003">
  <properties/>
  <testcase name="startupInstantiates" classname="StartUpsTest" time="0.003"/>
  <system-out><![CDATA[]]></system-out>
  <system-err><![CDATA[]]></system-err>
</testsuite>
